0 info it worked if it ends with ok
1 verbose cli [ '/Users/aharibabu/.nvm/versions/node/v6.9.4/bin/node',
1 verbose cli   '/Users/aharibabu/.nvm/versions/node/v6.9.4/bin/npm',
1 verbose cli   'run',
1 verbose cli   'serve' ]
2 info using npm@4.0.5
3 info using node@v6.9.4
4 verbose run-script [ 'preserve', 'serve', 'postserve' ]
5 info lifecycle es6-snippets@1.0.0~preserve: es6-snippets@1.0.0
6 silly lifecycle es6-snippets@1.0.0~preserve: no script for preserve, continuing
7 info lifecycle es6-snippets@1.0.0~serve: es6-snippets@1.0.0
8 verbose lifecycle es6-snippets@1.0.0~serve: unsafe-perm in lifecycle true
9 verbose lifecycle es6-snippets@1.0.0~serve: PATH: /Users/aharibabu/.nvm/versions/node/v6.9.4/lib/node_modules/npm/bin/node-gyp-bin:/Users/aharibabu/Documents/ES6/es6-snippets/node_modules/.bin:/Users/aharibabu/.nvm/versions/node/v6.9.4/bin:/Users/aharibabu/.sdkman/candidates/lazybones/current/bin:/Library/Java/JavaVirtualMachines/jdk1.8.0_121.jdk/Contents/Home/bin:/usr/local/apache-maven-3.2.5/bin:/Users/aharibabu/npme/bin:/usr/bin:/bin:/usr/sbin:/sbin:/usr/local/bin:/Users/aharibabu/AEM6.1/author/crx-quickstart/opt/filevault/vault-cli-2.4.40/bin:/Users/aharibabu/.rvm/bin
10 verbose lifecycle es6-snippets@1.0.0~serve: CWD: /Users/aharibabu/Documents/ES6/es6-snippets
11 silly lifecycle es6-snippets@1.0.0~serve: Args: [ '-c', 'npm run watch & live-server & node dist/index.js' ]
12 silly lifecycle es6-snippets@1.0.0~serve: Returned: code: 1  signal: null
13 info lifecycle es6-snippets@1.0.0~serve: Failed to exec serve script
14 verbose stack Error: es6-snippets@1.0.0 serve: `npm run watch & live-server & node dist/index.js`
14 verbose stack Exit status 1
14 verbose stack     at EventEmitter.<anonymous> (/Users/aharibabu/.nvm/versions/node/v6.9.4/lib/node_modules/npm/lib/utils/lifecycle.js:279:16)
14 verbose stack     at emitTwo (events.js:106:13)
14 verbose stack     at EventEmitter.emit (events.js:191:7)
14 verbose stack     at ChildProcess.<anonymous> (/Users/aharibabu/.nvm/versions/node/v6.9.4/lib/node_modules/npm/lib/utils/spawn.js:40:14)
14 verbose stack     at emitTwo (events.js:106:13)
14 verbose stack     at ChildProcess.emit (events.js:191:7)
14 verbose stack     at maybeClose (internal/child_process.js:877:16)
14 verbose stack     at Process.ChildProcess._handle.onexit (internal/child_process.js:226:5)
15 verbose pkgid es6-snippets@1.0.0
16 verbose cwd /Users/aharibabu/Documents/ES6/es6-snippets
17 error Darwin 16.6.0
18 error argv "/Users/aharibabu/.nvm/versions/node/v6.9.4/bin/node" "/Users/aharibabu/.nvm/versions/node/v6.9.4/bin/npm" "run" "serve"
19 error node v6.9.4
20 error npm  v4.0.5
21 error code ELIFECYCLE
22 error es6-snippets@1.0.0 serve: `npm run watch & live-server & node dist/index.js`
22 error Exit status 1
23 error Failed at the es6-snippets@1.0.0 serve script 'npm run watch & live-server & node dist/index.js'.
23 error Make sure you have the latest version of node.js and npm installed.
23 error If you do, this is most likely a problem with the es6-snippets package,
23 error not with npm itself.
23 error Tell the author that this fails on your system:
23 error     npm run watch & live-server & node dist/index.js
23 error You can get information on how to open an issue for this project with:
23 error     npm bugs es6-snippets
23 error Or if that isn't available, you can get their info via:
23 error     npm owner ls es6-snippets
23 error There is likely additional logging output above.
24 verbose exit [ 1, true ]
